# Logfile created on 2014-02-03 22:01:36 -0200 by logger.rb/31641
I, [2014-02-03T22:01:36.159772 #19153]  INFO -- : 0:  rake (10.1.1) from /Users/persocon/.rvm/gems/ruby-1.9.3-p484/specifications/rake-10.1.1.gemspec
I, [2014-02-03T22:01:36.160576 #19153]  INFO -- : 0:  i18n (0.6.9) from /Users/persocon/.rvm/gems/ruby-1.9.3-p484/specifications/i18n-0.6.9.gemspec
I, [2014-02-03T22:01:36.161159 #19153]  INFO -- : 0:  multi_json (1.8.4) from /Users/persocon/.rvm/gems/ruby-1.9.3-p484/specifications/multi_json-1.8.4.gemspec
I, [2014-02-03T22:01:36.161967 #19153]  INFO -- : 0:  activesupport (3.2.16) from /Users/persocon/.rvm/gems/ruby-1.9.3-p484/specifications/activesupport-3.2.16.gemspec
I, [2014-02-03T22:01:36.163394 #19153]  INFO -- : 0:  builder (3.0.4) from /Users/persocon/.rvm/gems/ruby-1.9.3-p484/specifications/builder-3.0.4.gemspec
I, [2014-02-03T22:01:43.063702 #19153]  INFO -- : 0:  activemodel (3.2.16) from /Users/persocon/.rvm/gems/ruby-1.9.3-p484/specifications/activemodel-3.2.16.gemspec
I, [2014-02-03T22:01:43.064375 #19153]  INFO -- : 0:  bcrypt-ruby (3.1.2) from /Users/persocon/.rvm/gems/ruby-1.9.3-p484/specifications/bcrypt-ruby-3.1.2.gemspec
I, [2014-02-03T22:01:57.909843 #19153]  INFO -- : 0:  json (1.8.1) from /Users/persocon/.rvm/gems/ruby-1.9.3-p484/specifications/json-1.8.1.gemspec
I, [2014-02-03T22:02:04.482060 #19153]  INFO -- : 0:  carrierwave (0.9.0) from /Users/persocon/.rvm/gems/ruby-1.9.3-p484/specifications/carrierwave-0.9.0.gemspec
I, [2014-02-03T22:02:04.482759 #19153]  INFO -- : 0:  sequel (4.6.0) from /Users/persocon/.rvm/gems/ruby-1.9.3-p484/specifications/sequel-4.6.0.gemspec
I, [2014-02-03T22:02:10.779046 #19153]  INFO -- : 0:  carrierwave-sequel (0.1.0) from /Users/persocon/.rvm/gems/ruby-1.9.3-p484/specifications/carrierwave-sequel-0.1.0.gemspec
I, [2014-02-03T22:02:10.779619 #19153]  INFO -- : 0:  chunky_png (1.2.9) from /Users/persocon/.rvm/gems/ruby-1.9.3-p484/specifications/chunky_png-1.2.9.gemspec
I, [2014-02-03T22:02:10.780075 #19153]  INFO -- : 0:  fssm (0.2.10) from /Users/persocon/.rvm/gems/ruby-1.9.3-p484/specifications/fssm-0.2.10.gemspec
I, [2014-02-03T22:02:19.572491 #19153]  INFO -- : 0:  sass (3.2.14) from /Users/persocon/.rvm/gems/ruby-1.9.3-p484/specifications/sass-3.2.14.gemspec
I, [2014-02-03T22:02:19.573212 #19153]  INFO -- : 0:  compass (0.12.2) from /Users/persocon/.rvm/gems/ruby-1.9.3-p484/specifications/compass-0.12.2.gemspec
I, [2014-02-03T22:02:19.573666 #19153]  INFO -- : 0:  erubis (2.7.0) from /Users/persocon/.rvm/gems/ruby-1.9.3-p484/specifications/erubis-2.7.0.gemspec
I, [2014-02-03T22:02:19.574103 #19153]  INFO -- : 0:  rack (1.5.2) from /Users/persocon/.rvm/gems/ruby-1.9.3-p484/specifications/rack-1.5.2.gemspec
I, [2014-02-03T22:02:19.574544 #19153]  INFO -- : 0:  url_mount (0.2.1) from /Users/persocon/.rvm/gems/ruby-1.9.3-p484/specifications/url_mount-0.2.1.gemspec
I, [2014-02-03T22:02:19.574985 #19153]  INFO -- : 0:  http_router (0.11.0) from /Users/persocon/.rvm/gems/ruby-1.9.3-p484/specifications/http_router-0.11.0.gemspec
I, [2014-02-03T22:02:19.575441 #19153]  INFO -- : 0:  mime-types (1.25.1) from /Users/persocon/.rvm/gems/ruby-1.9.3-p484/specifications/mime-types-1.25.1.gemspec
I, [2014-02-03T22:02:19.575880 #19153]  INFO -- : 0:  polyglot (0.3.3) from /Users/persocon/.rvm/gems/ruby-1.9.3-p484/specifications/polyglot-0.3.3.gemspec
I, [2014-02-03T22:02:19.576330 #19153]  INFO -- : 0:  treetop (1.4.15) from /Users/persocon/.rvm/gems/ruby-1.9.3-p484/specifications/treetop-1.4.15.gemspec
I, [2014-02-03T22:02:19.576757 #19153]  INFO -- : 0:  mail (2.5.4) from /Users/persocon/.rvm/gems/ruby-1.9.3-p484/specifications/mail-2.5.4.gemspec
I, [2014-02-03T22:02:19.577185 #19153]  INFO -- : 0:  subexec (0.2.3) from /Users/persocon/.rvm/gems/ruby-1.9.3-p484/specifications/subexec-0.2.3.gemspec
I, [2014-02-03T22:02:19.577616 #19153]  INFO -- : 0:  mini_magick (3.6.0) from /Users/persocon/.rvm/gems/ruby-1.9.3-p484/specifications/mini_magick-3.6.0.gemspec
I, [2014-02-03T22:02:26.845552 #19153]  INFO -- : 0:  mysql2 (0.3.15) from /Users/persocon/.rvm/gems/ruby-1.9.3-p484/specifications/mysql2-0.3.15.gemspec
I, [2014-02-03T22:02:26.846605 #19153]  INFO -- : 0:  rack-protection (1.5.2) from /Users/persocon/.rvm/gems/ruby-1.9.3-p484/specifications/rack-protection-1.5.2.gemspec
I, [2014-02-03T22:02:26.847353 #19153]  INFO -- : 0:  tilt (1.4.1) from /Users/persocon/.rvm/gems/ruby-1.9.3-p484/specifications/tilt-1.4.1.gemspec
I, [2014-02-03T22:02:26.848065 #19153]  INFO -- : 0:  sinatra (1.4.4) from /Users/persocon/.rvm/gems/ruby-1.9.3-p484/specifications/sinatra-1.4.4.gemspec
I, [2014-02-03T22:02:26.848794 #19153]  INFO -- : 0:  thor (0.17.0) from /Users/persocon/.rvm/gems/ruby-1.9.3-p484/specifications/thor-0.17.0.gemspec
I, [2014-02-03T22:02:26.849517 #19153]  INFO -- : 0:  padrino-core (0.11.4) from /Users/persocon/.rvm/gems/ruby-1.9.3-p484/specifications/padrino-core-0.11.4.gemspec
I, [2014-02-03T22:02:26.850180 #19153]  INFO -- : 0:  padrino-helpers (0.11.4) from /Users/persocon/.rvm/gems/ruby-1.9.3-p484/specifications/padrino-helpers-0.11.4.gemspec
I, [2014-02-03T22:02:26.851919 #19153]  INFO -- : 0:  padrino-admin (0.11.4) from /Users/persocon/.rvm/gems/ruby-1.9.3-p484/specifications/padrino-admin-0.11.4.gemspec
I, [2014-02-03T22:02:26.852997 #19153]  INFO -- : 0:  padrino-cache (0.11.4) from /Users/persocon/.rvm/gems/ruby-1.9.3-p484/specifications/padrino-cache-0.11.4.gemspec
I, [2014-02-03T22:02:26.853706 #19153]  INFO -- : 0:  bundler (1.5.0) from /Users/persocon/.rvm/gems/ruby-1.9.3-p484@global/specifications/bundler-1.5.0.gemspec
I, [2014-02-03T22:02:26.854738 #19153]  INFO -- : 0:  padrino-gen (0.11.4) from /Users/persocon/.rvm/gems/ruby-1.9.3-p484/specifications/padrino-gen-0.11.4.gemspec
I, [2014-02-03T22:02:26.855532 #19153]  INFO -- : 0:  padrino-mailer (0.11.4) from /Users/persocon/.rvm/gems/ruby-1.9.3-p484/specifications/padrino-mailer-0.11.4.gemspec
I, [2014-02-03T22:02:26.856305 #19153]  INFO -- : 0:  padrino (0.11.4) from /Users/persocon/.rvm/gems/ruby-1.9.3-p484/specifications/padrino-0.11.4.gemspec
